<?xml version="1.0" encoding="UTF-8"?>
<!-- Generated by org.testng.reporters.JUnitXMLReporter -->
<testsuite ignored="0" hostname="DESKTOP-TGGH1E0" failures="0" tests="5" name="Default test" time="54.147" errors="0" timestamp="2025-09-24T09:49:13 IDT">
  <testcase classname="magento.com.tests.SignInTest" name="tc01_loginFailed" time="7.58"/>
  <testcase classname="magento.com.tests.SignInTest" name="tc02_invalidEmail" time="3.536"/>
  <testcase classname="magento.com.tests.SignInTest" name="tc03_emptyEmailField" time="3.687"/>
  <testcase classname="magento.com.tests.SignInTest" name="tc04_emptyPasswordField" time="3.759"/>
  <testcase classname="magento.com.tests.SignInTest" name="tc05_validLogin" time="7.862"/>
</testsuite> <!-- Default test -->
