<?xml version="1.0" encoding="UTF-8"?>
<!-- Generated by org.testng.reporters.JUnitXMLReporter -->
<testsuite ignored="0" hostname="DESKTOP-TGGH1E0" failures="0" tests="7" name="Default test" time="113.58" errors="0" timestamp="2025-08-15T15:36:30 IDT">
  <testcase classname="magento.com.tests.SignInTest" name="tc01_loginFailed" time="14.755"/>
  <testcase classname="magento.com.tests.SignInTest" name="tc01_loginFailed" time="11.969"/>
  <testcase classname="magento.com.tests.SignInTest" name="tc01_loginFailed" time="9.427"/>
  <testcase classname="magento.com.tests.SignInTest" name="tc02_invalidEmail" time="6.448"/>
  <testcase classname="magento.com.tests.SignInTest" name="tc03_emptyEmailField" time="6.131"/>
  <testcase classname="magento.com.tests.SignInTest" name="tc04_emptyPasswordField" time="6.269"/>
  <testcase classname="magento.com.tests.SignInTest" name="tc04_validLogin" time="12.982"/>
</testsuite> <!-- Default test -->
