<?xml version="1.0" encoding="UTF-8"?>
<!-- Generated by org.testng.reporters.JUnitXMLReporter -->
<testsuite ignored="0" hostname="DESKTOP-TGGH1E0" failures="0" tests="20" name="All Tests" time="607.511" errors="0" timestamp="2025-09-24T09:59:51 IDT">
  <testcase classname="magento.com.tests.AddToCartTest" name="tc_18_AddingSeveralItemsToCartTest" time="30.026"/>
  <testcase classname="magento.com.tests.AddToCartTest" name="tc_19_EditingItemsNumbers" time="51.859"/>
  <testcase classname="magento.com.tests.AddToCartTest" name="tc_20_deletingItemsFromTheCart" time="51.719"/>
  <testcase classname="magento.com.tests.BuyingMensClothesTest" name="tc_06_buyMenJacket" time="30.132"/>
  <testcase classname="magento.com.tests.BuyingMensClothesTest" name="tc_07_buyMenHoodies" time="30.673"/>
  <testcase classname="magento.com.tests.BuyingMensClothesTest" name="tc_08_buyMenTees" time="29.703"/>
  <testcase classname="magento.com.tests.BuyingMensClothesTest" name="tc_09_buyMenTanks" time="29.676"/>
  <testcase classname="magento.com.tests.BuyingMensClothesTest" name="tc_10_buyMenPants" time="30.792"/>
  <testcase classname="magento.com.tests.BuyingMensClothesTest" name="tc_11_buyMenShorts" time="29.959"/>
  <testcase classname="magento.com.tests.BuyingWomenClothesTest" name="tc_12_buyWomenJacket" time="29.543"/>
  <testcase classname="magento.com.tests.BuyingWomenClothesTest" name="tc_13_buyWomenHoodies" time="29.407"/>
  <testcase classname="magento.com.tests.BuyingWomenClothesTest" name="tc_14_buyWomentees" time="31.135"/>
  <testcase classname="magento.com.tests.BuyingWomenClothesTest" name="tc_15_buyWomenBras" time="30.37"/>
  <testcase classname="magento.com.tests.BuyingWomenClothesTest" name="tc_16_buyWomenPants" time="30.283"/>
  <testcase classname="magento.com.tests.BuyingWomenClothesTest" name="tc_17_buyWomenShorts" time="30.853"/>
  <testcase classname="magento.com.tests.SignInTest" name="tc01_loginFailed" time="5.478"/>
  <testcase classname="magento.com.tests.SignInTest" name="tc02_invalidEmail" time="2.776"/>
  <testcase classname="magento.com.tests.SignInTest" name="tc03_emptyEmailField" time="2.807"/>
  <testcase classname="magento.com.tests.SignInTest" name="tc04_emptyPasswordField" time="2.936"/>
  <testcase classname="magento.com.tests.SignInTest" name="tc05_validLogin" time="6.302"/>
</testsuite> <!-- All Tests -->
