<?xml version="1.0" encoding="UTF-8"?>
<testng-results ignored="0" total="5" passed="5" failed="0" skipped="0">
  <reporter-output>
  </reporter-output>
  <suite started-at="2025-09-24T09:48:18 IDT" name="Default suite" finished-at="2025-09-24T09:49:13 IDT" duration-ms="54147">
    <groups>
    </groups>
    <test started-at="2025-09-24T09:48:18 IDT" name="Default test" finished-at="2025-09-24T09:49:13 IDT" duration-ms="54147">
      <class name="magento.com.tests.SignInTest">
        <test-method is-config="true" signature="setup()[pri:0, instance:magento.com.tests.SignInTest@53b8afea]" started-at="2025-09-24T09:48:18 IDT" name="setup" finished-at="2025-09-24T09:48:24 IDT" duration-ms="5949" status="PASS">
          <reporter-output>
          </reporter-output>
        </test-method> <!-- setup -->
        <test-method signature="tc01_loginFailed(java.lang.String,java.lang.String)[pri:0, instance:magento.com.tests.SignInTest@53b8afea]" started-at="2025-09-24T09:48:25 IDT" name="tc01_loginFailed" description="use incorect login information" data-provider="getData" finished-at="2025-09-24T09:48:32 IDT" duration-ms="7580" status="PASS">
          <params>
            <param index="0">
              <value>
                <![CDATA[omerbrh81@gmail.com]]>
              </value>
            </param>
            <param index="1">
              <value>
                <![CDATA[1234567]]>
              </value>
            </param>
          </params>
          <reporter-output>
          </reporter-output>
        </test-method> <!-- tc01_loginFailed -->
        <test-method is-config="true" signature="tearDown()[pri:0, instance:magento.com.tests.SignInTest@53b8afea]" started-at="2025-09-24T09:48:32 IDT" name="tearDown" finished-at="2025-09-24T09:48:32 IDT" duration-ms="291" status="PASS">
          <reporter-output>
          </reporter-output>
        </test-method> <!-- tearDown -->
        <test-method is-config="true" signature="setup()[pri:0, instance:magento.com.tests.SignInTest@53b8afea]" started-at="2025-09-24T09:48:32 IDT" name="setup" finished-at="2025-09-24T09:48:38 IDT" duration-ms="5082" status="PASS">
          <reporter-output>
          </reporter-output>
        </test-method> <!-- setup -->
        <test-method signature="tc02_invalidEmail()[pri:0, instance:magento.com.tests.SignInTest@53b8afea]" started-at="2025-09-24T09:48:38 IDT" name="tc02_invalidEmail" finished-at="2025-09-24T09:48:41 IDT" duration-ms="3536" status="PASS">
          <reporter-output>
          </reporter-output>
        </test-method> <!-- tc02_invalidEmail -->
        <test-method is-config="true" signature="tearDown()[pri:0, instance:magento.com.tests.SignInTest@53b8afea]" started-at="2025-09-24T09:48:41 IDT" name="tearDown" finished-at="2025-09-24T09:48:41 IDT" duration-ms="211" status="PASS">
          <reporter-output>
          </reporter-output>
        </test-method> <!-- tearDown -->
        <test-method is-config="true" signature="setup()[pri:0, instance:magento.com.tests.SignInTest@53b8afea]" started-at="2025-09-24T09:48:41 IDT" name="setup" finished-at="2025-09-24T09:48:46 IDT" duration-ms="5138" status="PASS">
          <reporter-output>
          </reporter-output>
        </test-method> <!-- setup -->
        <test-method signature="tc03_emptyEmailField()[pri:0, instance:magento.com.tests.SignInTest@53b8afea]" started-at="2025-09-24T09:48:46 IDT" name="tc03_emptyEmailField" finished-at="2025-09-24T09:48:50 IDT" duration-ms="3687" status="PASS">
          <reporter-output>
          </reporter-output>
        </test-method> <!-- tc03_emptyEmailField -->
        <test-method is-config="true" signature="tearDown()[pri:0, instance:magento.com.tests.SignInTest@53b8afea]" started-at="2025-09-24T09:48:50 IDT" name="tearDown" finished-at="2025-09-24T09:48:50 IDT" duration-ms="182" status="PASS">
          <reporter-output>
          </reporter-output>
        </test-method> <!-- tearDown -->
        <test-method is-config="true" signature="setup()[pri:0, instance:magento.com.tests.SignInTest@53b8afea]" started-at="2025-09-24T09:48:50 IDT" name="setup" finished-at="2025-09-24T09:48:55 IDT" duration-ms="5120" status="PASS">
          <reporter-output>
          </reporter-output>
        </test-method> <!-- setup -->
        <test-method signature="tc04_emptyPasswordField()[pri:0, instance:magento.com.tests.SignInTest@53b8afea]" started-at="2025-09-24T09:48:55 IDT" name="tc04_emptyPasswordField" finished-at="2025-09-24T09:48:59 IDT" duration-ms="3759" status="PASS">
          <reporter-output>
          </reporter-output>
        </test-method> <!-- tc04_emptyPasswordField -->
        <test-method is-config="true" signature="tearDown()[pri:0, instance:magento.com.tests.SignInTest@53b8afea]" started-at="2025-09-24T09:48:59 IDT" name="tearDown" finished-at="2025-09-24T09:48:59 IDT" duration-ms="220" status="PASS">
          <reporter-output>
          </reporter-output>
        </test-method> <!-- tearDown -->
        <test-method is-config="true" signature="setup()[pri:0, instance:magento.com.tests.SignInTest@53b8afea]" started-at="2025-09-24T09:48:59 IDT" name="setup" finished-at="2025-09-24T09:49:04 IDT" duration-ms="5039" status="PASS">
          <reporter-output>
          </reporter-output>
        </test-method> <!-- setup -->
        <test-method signature="tc05_validLogin()[pri:0, instance:magento.com.tests.SignInTest@53b8afea]" started-at="2025-09-24T09:49:04 IDT" name="tc05_validLogin" finished-at="2025-09-24T09:49:12 IDT" duration-ms="7862" status="PASS">
          <reporter-output>
          </reporter-output>
        </test-method> <!-- tc05_validLogin -->
        <test-method is-config="true" signature="tearDown()[pri:0, instance:magento.com.tests.SignInTest@53b8afea]" started-at="2025-09-24T09:49:12 IDT" name="tearDown" finished-at="2025-09-24T09:49:13 IDT" duration-ms="210" status="PASS">
          <reporter-output>
          </reporter-output>
        </test-method> <!-- tearDown -->
      </class> <!-- magento.com.tests.SignInTest -->
    </test> <!-- Default test -->
  </suite> <!-- Default suite -->
</testng-results>
