<?xml version="1.0" encoding="UTF-8"?>
<testsuite xmlns:xsi="http://www.w3.org/2001/XMLSchema-instance" xsi:noNamespaceSchemaLocation="https://maven.apache.org/surefire/maven-surefire-plugin/xsd/surefire-test-report.xsd" version="3.0.2" name="TestSuite" time="609.444" tests="20" errors="0" skipped="0" failures="0">
  <properties>
[...]
</properties>
  <testcase name="tc_18_AddingSeveralItemsToCartTest" classname="magento.com.tests.AddToCartTest" time="30.045">
    <system-out><![CDATA[Browser opened and site loaded
You choose the item : Endeavor Daytrip Backpack
The item is in stock
You added Endeavor Daytrip Backpack to your shopping cart.
You choose the item: Affirm Water Bottle
The item is in stock
You added Affirm Water Bottle to your shopping cart.
You choose the item : Aim Analog Watch
The item is in stock
You added Aim Analog Watch to your shopping cart.
]]></system-out>
    <system-err><![CDATA[[main] INFO org.testng.internal.Utils - [XmlSuite] [WARN] 'parallel' value 'false' is no longer valid, defaulting to 'none'.
ספט׳ 24, 2025 9:49:46 לפנה״צ org.openqa.selenium.devtools.CdpVersionFinder findNearestMatch
WARNING: Unable to find an exact match for CDP version 140, returning the closest version; found: 139; Please update to a Selenium version that supports CDP version 140
]]></system-err>
  </testcase>
  <testcase name="tc_19_EditingItemsNumbers" classname="magento.com.tests.AddToCartTest" time="51.861">
    <system-out><![CDATA[Browser closed
Browser opened and site loaded
You choose the item Jupiter All-Weather Trainer from the jackets list 
You choose a M sized item
You have selected an item in color blue
You choose Frankie Sweatshirt from the hoodies list
You choose a L sized item
You have selected an item in color white
You choose the item Aero Daily Fitness Tee from the tees list 
You choose a M sized item
You have selected an item in color black
You choose the item Helios Endurance Tank from the tanks list 
You choose a S sized item
You have selected an item in color blue
You choose the item Geo Insulated Jogging Pant from the pants list 
You choose a 32 sized item
You have selected an item in color red
You choose the item Apollo Running Short from the shorts list 
You choose a 33 sized item
You have selected an item in color black
The total price of the products is $256.49
The total price of the products is $512.98
]]></system-out>
    <system-err><![CDATA[ספט׳ 24, 2025 9:50:22 לפנה״צ org.openqa.selenium.devtools.CdpVersionFinder findNearestMatch
WARNING: Unable to find an exact match for CDP version 140, returning the closest version; found: 139; Please update to a Selenium version that supports CDP version 140
]]></system-err>
  </testcase>
  <testcase name="tc_20_deletingItemsFromTheCart" classname="magento.com.tests.AddToCartTest" time="51.719">
    <system-out><![CDATA[Browser closed
Browser opened and site loaded
You choose the item Neve Studio Dance Jacket from the items list 
You choose a S sized item
You have selected an item in color black
You choose the item Hera Pullover Hoodie from the items list 
You choose a L sized item
You have selected an item in color green
You choose the item Tiffany Fitness Tee from the items list 
You choose a M sized item
You have selected an item in color white
You choose the item Lucia Cross-Fit Bra from the items list 
You choose a S sized item
You have selected an item in color orange
You choose the item Carina Basic Capri from the items list 
You choose a 28 sized item
You have selected an item in color blue
You choose the item Maxima Drawstring Short from the items list 
You have selected an item in size 29
You have selected an item in color yellow
The total price of the products is $263.0
The total price of the products is $194.0
]]></system-out>
    <system-err><![CDATA[ספט׳ 24, 2025 9:51:18 לפנה״צ org.openqa.selenium.devtools.CdpVersionFinder findNearestMatch
WARNING: Unable to find an exact match for CDP version 140, returning the closest version; found: 139; Please update to a Selenium version that supports CDP version 140
]]></system-err>
  </testcase>
  <testcase name="tc_06_buyMenJacket" classname="magento.com.tests.BuyingMensClothesTest" time="30.136">
    <system-out><![CDATA[Browser closed
Browser opened and site loaded
You choose the item Hyperion Elements Jacket from the jackets list 
You choose a S sized item
You have selected an item in color red
You choose Flat Rate shipping method
We'll email you an order confirmation with details and tracking info.
]]></system-out>
    <system-err><![CDATA[ספט׳ 24, 2025 9:52:14 לפנה״צ org.openqa.selenium.devtools.CdpVersionFinder findNearestMatch
WARNING: Unable to find an exact match for CDP version 140, returning the closest version; found: 139; Please update to a Selenium version that supports CDP version 140
]]></system-err>
  </testcase>
  <testcase name="tc_07_buyMenHoodies" classname="magento.com.tests.BuyingMensClothesTest" time="30.675">
    <system-out><![CDATA[Browser closed
Browser opened and site loaded
You choose Frankie Sweatshirt from the hoodies list
You choose a XS sized item
You have selected an item in color green
You choose Flat Rate shipping method
We'll email you an order confirmation with details and tracking info.
]]></system-out>
    <system-err><![CDATA[ספט׳ 24, 2025 9:52:49 לפנה״צ org.openqa.selenium.devtools.CdpVersionFinder findNearestMatch
WARNING: Unable to find an exact match for CDP version 140, returning the closest version; found: 139; Please update to a Selenium version that supports CDP version 140
]]></system-err>
  </testcase>
  <testcase name="tc_08_buyMenTees" classname="magento.com.tests.BuyingMensClothesTest" time="29.704">
    <system-out><![CDATA[Browser closed
Browser opened and site loaded
You choose the item Zoltan Gym Tee from the tees list 
You choose a L sized item
You have selected an item in color green
You choose Flat Rate shipping method
We'll email you an order confirmation with details and tracking info.
]]></system-out>
    <system-err><![CDATA[ספט׳ 24, 2025 9:53:24 לפנה״צ org.openqa.selenium.devtools.CdpVersionFinder findNearestMatch
WARNING: Unable to find an exact match for CDP version 140, returning the closest version; found: 139; Please update to a Selenium version that supports CDP version 140
]]></system-err>
  </testcase>
  <testcase name="tc_09_buyMenTanks" classname="magento.com.tests.BuyingMensClothesTest" time="29.678">
    <system-out><![CDATA[Browser closed
Browser opened and site loaded
You choose the item Tristan Endurance Tank from the tanks list 
You choose a L sized item
You have selected an item in color white
You choose Flat Rate shipping method
We'll email you an order confirmation with details and tracking info.
]]></system-out>
    <system-err><![CDATA[ספט׳ 24, 2025 9:53:58 לפנה״צ org.openqa.selenium.devtools.CdpVersionFinder findNearestMatch
WARNING: Unable to find an exact match for CDP version 140, returning the closest version; found: 139; Please update to a Selenium version that supports CDP version 140
]]></system-err>
  </testcase>
  <testcase name="tc_10_buyMenPants" classname="magento.com.tests.BuyingMensClothesTest" time="30.792">
    <system-out><![CDATA[Browser closed
Browser opened and site loaded
You choose the item Caesar Warm-Up Pant from the pants list 
You choose a 36 sized item
You have selected an item in color purple
You choose Flat Rate shipping method
We'll email you an order confirmation with details and tracking info.
]]></system-out>
    <system-err><![CDATA[ספט׳ 24, 2025 9:54:32 לפנה״צ org.openqa.selenium.devtools.CdpVersionFinder findNearestMatch
WARNING: Unable to find an exact match for CDP version 140, returning the closest version; found: 139; Please update to a Selenium version that supports CDP version 140
]]></system-err>
  </testcase>
  <testcase name="tc_11_buyMenShorts" classname="magento.com.tests.BuyingMensClothesTest" time="29.959">
    <system-out><![CDATA[Browser closed
Browser opened and site loaded
You choose the item Cobalt CoolTech™ Fitness Short from the shorts list 
You choose a 34 sized item
You have selected an item in color red
You choose Flat Rate shipping method
We'll email you an order confirmation with details and tracking info.
]]></system-out>
    <system-err><![CDATA[ספט׳ 24, 2025 9:55:08 לפנה״צ org.openqa.selenium.devtools.CdpVersionFinder findNearestMatch
WARNING: Unable to find an exact match for CDP version 140, returning the closest version; found: 139; Please update to a Selenium version that supports CDP version 140
]]></system-err>
  </testcase>
  <testcase name="tc_12_buyWomenJacket" classname="magento.com.tests.BuyingWomenClothesTest" time="29.544">
    <system-out><![CDATA[Browser closed
Browser opened and site loaded
You choose the item Inez Full Zip Jacket from the items list 
You choose a S sized item
You have selected an item in color red
You choose Flat Rate shipping method
We'll email you an order confirmation with details and tracking info.
]]></system-out>
    <system-err><![CDATA[ספט׳ 24, 2025 9:55:42 לפנה״צ org.openqa.selenium.devtools.CdpVersionFinder findNearestMatch
WARNING: Unable to find an exact match for CDP version 140, returning the closest version; found: 139; Please update to a Selenium version that supports CDP version 140
]]></system-err>
  </testcase>
  <testcase name="tc_13_buyWomenHoodies" classname="magento.com.tests.BuyingWomenClothesTest" time="29.409">
    <system-out><![CDATA[Browser closed
Browser opened and site loaded
You choose the item Phoebe Zipper Sweatshirt from the items list 
You choose a XS sized item
You have selected an item in color white
You choose Flat Rate shipping method
We'll email you an order confirmation with details and tracking info.
]]></system-out>
    <system-err><![CDATA[ספט׳ 24, 2025 9:56:16 לפנה״צ org.openqa.selenium.devtools.CdpVersionFinder findNearestMatch
WARNING: Unable to find an exact match for CDP version 140, returning the closest version; found: 139; Please update to a Selenium version that supports CDP version 140
]]></system-err>
  </testcase>
  <testcase name="tc_14_buyWomentees" classname="magento.com.tests.BuyingWomenClothesTest" time="31.136">
    <system-out><![CDATA[Browser closed
Browser opened and site loaded
You choose the item Iris Workout Top from the items list 
You choose a L sized item
You have selected an item in color green
You choose Flat Rate shipping method
We'll email you an order confirmation with details and tracking info.
]]></system-out>
    <system-err><![CDATA[ספט׳ 24, 2025 9:56:50 לפנה״צ org.openqa.selenium.devtools.CdpVersionFinder findNearestMatch
WARNING: Unable to find an exact match for CDP version 140, returning the closest version; found: 139; Please update to a Selenium version that supports CDP version 140
]]></system-err>
  </testcase>
  <testcase name="tc_15_buyWomenBras" classname="magento.com.tests.BuyingWomenClothesTest" time="30.37">
    <system-out><![CDATA[Browser closed
Browser opened and site loaded
You choose the item Zoe Tank from the items list 
You choose a S sized item
You have selected an item in color green
You choose Flat Rate shipping method
We'll email you an order confirmation with details and tracking info.
]]></system-out>
    <system-err><![CDATA[ספט׳ 24, 2025 9:57:25 לפנה״צ org.openqa.selenium.devtools.CdpVersionFinder findNearestMatch
WARNING: Unable to find an exact match for CDP version 140, returning the closest version; found: 139; Please update to a Selenium version that supports CDP version 140
]]></system-err>
  </testcase>
  <testcase name="tc_16_buyWomenPants" classname="magento.com.tests.BuyingWomenClothesTest" time="30.285">
    <system-out><![CDATA[Browser closed
Browser opened and site loaded
You choose the item Cora Parachute Pant from the items list 
You choose a 29 sized item
You have selected an item in color white
You choose Flat Rate shipping method
We'll email you an order confirmation with details and tracking info.
]]></system-out>
    <system-err><![CDATA[ספט׳ 24, 2025 9:58:00 לפנה״צ org.openqa.selenium.devtools.CdpVersionFinder findNearestMatch
WARNING: Unable to find an exact match for CDP version 140, returning the closest version; found: 139; Please update to a Selenium version that supports CDP version 140
]]></system-err>
  </testcase>
  <testcase name="tc_17_buyWomenShorts" classname="magento.com.tests.BuyingWomenClothesTest" time="30.854">
    <system-out><![CDATA[Browser closed
Browser opened and site loaded
You choose the item Bess Yoga Short from the items list 
You have selected an item in size 28
You have selected an item in color yellow
You choose Flat Rate shipping method
We'll email you an order confirmation with details and tracking info.
]]></system-out>
    <system-err><![CDATA[ספט׳ 24, 2025 9:58:35 לפנה״צ org.openqa.selenium.devtools.CdpVersionFinder findNearestMatch
WARNING: Unable to find an exact match for CDP version 140, returning the closest version; found: 139; Please update to a Selenium version that supports CDP version 140
]]></system-err>
  </testcase>
  <testcase name="tc01_loginFailed[omerbrh81@gmail.com, 1234567](1)" classname="magento.com.tests.SignInTest" time="5.485">
    <system-out><![CDATA[Browser closed
Browser opened and site loaded
]]></system-out>
    <system-err><![CDATA[ספט׳ 24, 2025 9:59:10 לפנה״צ org.openqa.selenium.devtools.CdpVersionFinder findNearestMatch
WARNING: Unable to find an exact match for CDP version 140, returning the closest version; found: 139; Please update to a Selenium version that supports CDP version 140
]]></system-err>
  </testcase>
  <testcase name="tc02_invalidEmail" classname="magento.com.tests.SignInTest" time="2.779">
    <system-out><![CDATA[Browser closed
Browser opened and site loaded
]]></system-out>
    <system-err><![CDATA[ספט׳ 24, 2025 9:59:20 לפנה״צ org.openqa.selenium.devtools.CdpVersionFinder findNearestMatch
WARNING: Unable to find an exact match for CDP version 140, returning the closest version; found: 139; Please update to a Selenium version that supports CDP version 140
]]></system-err>
  </testcase>
  <testcase name="tc03_emptyEmailField" classname="magento.com.tests.SignInTest" time="2.807">
    <system-out><![CDATA[Browser closed
Browser opened and site loaded
]]></system-out>
    <system-err><![CDATA[ספט׳ 24, 2025 9:59:27 לפנה״צ org.openqa.selenium.devtools.CdpVersionFinder findNearestMatch
WARNING: Unable to find an exact match for CDP version 140, returning the closest version; found: 139; Please update to a Selenium version that supports CDP version 140
]]></system-err>
  </testcase>
  <testcase name="tc04_emptyPasswordField" classname="magento.com.tests.SignInTest" time="2.938">
    <system-out><![CDATA[Browser closed
Browser opened and site loaded
]]></system-out>
    <system-err><![CDATA[ספט׳ 24, 2025 9:59:34 לפנה״צ org.openqa.selenium.devtools.CdpVersionFinder findNearestMatch
WARNING: Unable to find an exact match for CDP version 140, returning the closest version; found: 139; Please update to a Selenium version that supports CDP version 140
]]></system-err>
  </testcase>
  <testcase name="tc05_validLogin" classname="magento.com.tests.SignInTest" time="6.302">
    <system-out><![CDATA[Browser closed
Browser opened and site loaded
]]></system-out>
    <system-err><![CDATA[ספט׳ 24, 2025 9:59:41 לפנה״צ org.openqa.selenium.devtools.CdpVersionFinder findNearestMatch
WARNING: Unable to find an exact match for CDP version 140, returning the closest version; found: 139; Please update to a Selenium version that supports CDP version 140
]]></system-err>
  </testcase>
</testsuite>