<?xml version="1.0" encoding="UTF-8"?>
<testng-results ignored="0" total="7" passed="7" failed="0" skipped="0">
  <reporter-output>
  </reporter-output>
  <suite started-at="2025-08-15T15:34:37 IDT" name="Default suite" finished-at="2025-08-15T15:36:30 IDT" duration-ms="113580">
    <groups>
    </groups>
    <test started-at="2025-08-15T15:34:37 IDT" name="Default test" finished-at="2025-08-15T15:36:30 IDT" duration-ms="113580">
      <class name="magento.com.tests.SignInTest">
        <test-method is-config="true" signature="setup()[pri:0, instance:magento.com.tests.SignInTest@3f4cd155]" started-at="2025-08-15T15:34:37 IDT" name="setup" finished-at="2025-08-15T15:34:44 IDT" duration-ms="7539" status="PASS">
          <reporter-output>
          </reporter-output>
        </test-method> <!-- setup -->
        <test-method signature="tc01_loginFailed(java.lang.String,java.lang.String)[pri:0, instance:magento.com.tests.SignInTest@3f4cd155]" started-at="2025-08-15T15:34:45 IDT" name="tc01_loginFailed" description="use incorect login information" data-provider="getData" finished-at="2025-08-15T15:34:59 IDT" duration-ms="14755" status="PASS">
          <params>
            <param index="0">
              <value>
                <![CDATA[omerbrh81@gmail.com]]>
              </value>
            </param>
            <param index="1">
              <value>
                <![CDATA[1234567]]>
              </value>
            </param>
          </params>
          <reporter-output>
          </reporter-output>
        </test-method> <!-- tc01_loginFailed -->
        <test-method is-config="true" signature="tearDown()[pri:0, instance:magento.com.tests.SignInTest@3f4cd155]" started-at="2025-08-15T15:34:59 IDT" name="tearDown" finished-at="2025-08-15T15:35:00 IDT" duration-ms="418" status="PASS">
          <reporter-output>
          </reporter-output>
        </test-method> <!-- tearDown -->
        <test-method is-config="true" signature="setup()[pri:0, instance:magento.com.tests.SignInTest@3f4cd155]" started-at="2025-08-15T15:35:00 IDT" name="setup" finished-at="2025-08-15T15:35:05 IDT" duration-ms="5651" status="PASS">
          <reporter-output>
          </reporter-output>
        </test-method> <!-- setup -->
        <test-method signature="tc01_loginFailed(java.lang.String,java.lang.String)[pri:0, instance:magento.com.tests.SignInTest@3f4cd155]" started-at="2025-08-15T15:35:06 IDT" name="tc01_loginFailed" description="use incorect login information" data-provider="getData" finished-at="2025-08-15T15:35:17 IDT" duration-ms="11969" status="PASS">
          <params>
            <param index="0">
              <value>
                <![CDATA[omerbrh@gmail.com]]>
              </value>
            </param>
            <param index="1">
              <value>
                <![CDATA[ob260494Q]]>
              </value>
            </param>
          </params>
          <reporter-output>
          </reporter-output>
        </test-method> <!-- tc01_loginFailed -->
        <test-method is-config="true" signature="tearDown()[pri:0, instance:magento.com.tests.SignInTest@3f4cd155]" started-at="2025-08-15T15:35:17 IDT" name="tearDown" finished-at="2025-08-15T15:35:18 IDT" duration-ms="347" status="PASS">
          <reporter-output>
          </reporter-output>
        </test-method> <!-- tearDown -->
        <test-method is-config="true" signature="setup()[pri:0, instance:magento.com.tests.SignInTest@3f4cd155]" started-at="2025-08-15T15:35:18 IDT" name="setup" finished-at="2025-08-15T15:35:24 IDT" duration-ms="5770" status="PASS">
          <reporter-output>
          </reporter-output>
        </test-method> <!-- setup -->
        <test-method signature="tc01_loginFailed(java.lang.String,java.lang.String)[pri:0, instance:magento.com.tests.SignInTest@3f4cd155]" started-at="2025-08-15T15:35:24 IDT" name="tc01_loginFailed" description="use incorect login information" data-provider="getData" finished-at="2025-08-15T15:35:33 IDT" duration-ms="9427" status="PASS">
          <params>
            <param index="0">
              <value>
                <![CDATA[ Omerbrh@Gmail.com]]>
              </value>
            </param>
            <param index="1">
              <value>
                <![CDATA[ob260494Q ]]>
              </value>
            </param>
          </params>
          <reporter-output>
          </reporter-output>
        </test-method> <!-- tc01_loginFailed -->
        <test-method is-config="true" signature="tearDown()[pri:0, instance:magento.com.tests.SignInTest@3f4cd155]" started-at="2025-08-15T15:35:33 IDT" name="tearDown" finished-at="2025-08-15T15:35:33 IDT" duration-ms="231" status="PASS">
          <reporter-output>
          </reporter-output>
        </test-method> <!-- tearDown -->
        <test-method is-config="true" signature="setup()[pri:0, instance:magento.com.tests.SignInTest@3f4cd155]" started-at="2025-08-15T15:35:33 IDT" name="setup" finished-at="2025-08-15T15:35:39 IDT" duration-ms="5799" status="PASS">
          <reporter-output>
          </reporter-output>
        </test-method> <!-- setup -->
        <test-method signature="tc02_invalidEmail()[pri:0, instance:magento.com.tests.SignInTest@3f4cd155]" started-at="2025-08-15T15:35:39 IDT" name="tc02_invalidEmail" finished-at="2025-08-15T15:35:46 IDT" duration-ms="6448" status="PASS">
          <reporter-output>
          </reporter-output>
        </test-method> <!-- tc02_invalidEmail -->
        <test-method is-config="true" signature="tearDown()[pri:0, instance:magento.com.tests.SignInTest@3f4cd155]" started-at="2025-08-15T15:35:46 IDT" name="tearDown" finished-at="2025-08-15T15:35:46 IDT" duration-ms="292" status="PASS">
          <reporter-output>
          </reporter-output>
        </test-method> <!-- tearDown -->
        <test-method is-config="true" signature="setup()[pri:0, instance:magento.com.tests.SignInTest@3f4cd155]" started-at="2025-08-15T15:35:46 IDT" name="setup" finished-at="2025-08-15T15:35:52 IDT" duration-ms="5903" status="PASS">
          <reporter-output>
          </reporter-output>
        </test-method> <!-- setup -->
        <test-method signature="tc03_emptyEmailField()[pri:0, instance:magento.com.tests.SignInTest@3f4cd155]" started-at="2025-08-15T15:35:52 IDT" name="tc03_emptyEmailField" finished-at="2025-08-15T15:35:58 IDT" duration-ms="6131" status="PASS">
          <reporter-output>
          </reporter-output>
        </test-method> <!-- tc03_emptyEmailField -->
        <test-method is-config="true" signature="tearDown()[pri:0, instance:magento.com.tests.SignInTest@3f4cd155]" started-at="2025-08-15T15:35:58 IDT" name="tearDown" finished-at="2025-08-15T15:35:58 IDT" duration-ms="324" status="PASS">
          <reporter-output>
          </reporter-output>
        </test-method> <!-- tearDown -->
        <test-method is-config="true" signature="setup()[pri:0, instance:magento.com.tests.SignInTest@3f4cd155]" started-at="2025-08-15T15:35:58 IDT" name="setup" finished-at="2025-08-15T15:36:05 IDT" duration-ms="6793" status="PASS">
          <reporter-output>
          </reporter-output>
        </test-method> <!-- setup -->
        <test-method signature="tc04_emptyPasswordField()[pri:0, instance:magento.com.tests.SignInTest@3f4cd155]" started-at="2025-08-15T15:36:05 IDT" name="tc04_emptyPasswordField" finished-at="2025-08-15T15:36:11 IDT" duration-ms="6269" status="PASS">
          <reporter-output>
          </reporter-output>
        </test-method> <!-- tc04_emptyPasswordField -->
        <test-method is-config="true" signature="tearDown()[pri:0, instance:magento.com.tests.SignInTest@3f4cd155]" started-at="2025-08-15T15:36:11 IDT" name="tearDown" finished-at="2025-08-15T15:36:12 IDT" duration-ms="345" status="PASS">
          <reporter-output>
          </reporter-output>
        </test-method> <!-- tearDown -->
        <test-method is-config="true" signature="setup()[pri:0, instance:magento.com.tests.SignInTest@3f4cd155]" started-at="2025-08-15T15:36:12 IDT" name="setup" finished-at="2025-08-15T15:36:17 IDT" duration-ms="5386" status="PASS">
          <reporter-output>
          </reporter-output>
        </test-method> <!-- setup -->
        <test-method signature="tc04_validLogin()[pri:0, instance:magento.com.tests.SignInTest@3f4cd155]" started-at="2025-08-15T15:36:17 IDT" name="tc04_validLogin" finished-at="2025-08-15T15:36:30 IDT" duration-ms="12982" status="PASS">
          <reporter-output>
          </reporter-output>
        </test-method> <!-- tc04_validLogin -->
        <test-method is-config="true" signature="tearDown()[pri:0, instance:magento.com.tests.SignInTest@3f4cd155]" started-at="2025-08-15T15:36:30 IDT" name="tearDown" finished-at="2025-08-15T15:36:30 IDT" duration-ms="285" status="PASS">
          <reporter-output>
          </reporter-output>
        </test-method> <!-- tearDown -->
      </class> <!-- magento.com.tests.SignInTest -->
    </test> <!-- Default test -->
  </suite> <!-- Default suite -->
</testng-results>
