<?xml version="1.0" encoding="UTF-8"?>
<!-- Generated by org.testng.reporters.JUnitXMLReporter -->
<testsuite ignored="0" hostname="DESKTOP-TGGH1E0" failures="0" tests="22" name="All Tests" time="991.707" errors="0" timestamp="2025-08-15T16:35:15 IDT">
  <testcase classname="magento.com.tests.AddToCartTest" name="tc_18_AddingSeveralItemsToCartTest" time="37.549"/>
  <testcase classname="magento.com.tests.AddToCartTest" name="tc_19_EditingItemsNumbers" time="82.843"/>
  <testcase classname="magento.com.tests.AddToCartTest" name="tc_20_deletingItemsFromTheCart" time="79.044"/>
  <testcase classname="magento.com.tests.BuyingMensClothesTest" name="tc_06_buyMenJacket" time="54.696"/>
  <testcase classname="magento.com.tests.BuyingMensClothesTest" name="tc_07_buyMenHoodies" time="47.458"/>
  <testcase classname="magento.com.tests.BuyingMensClothesTest" name="tc_08_buyMenTees" time="48.405"/>
  <testcase classname="magento.com.tests.BuyingMensClothesTest" name="tc_09_buyMenTanks" time="53.459"/>
  <testcase classname="magento.com.tests.BuyingMensClothesTest" name="tc_10_buyMenPants" time="48.095"/>
  <testcase classname="magento.com.tests.BuyingMensClothesTest" name="tc_11_buyMenShorts" time="48.582"/>
  <testcase classname="magento.com.tests.BuyingWomenClothesTest" name="tc_12_buyWomenJacket" time="47.178"/>
  <testcase classname="magento.com.tests.BuyingWomenClothesTest" name="tc_13_buyWomenHoodies" time="48.308"/>
  <testcase classname="magento.com.tests.BuyingWomenClothesTest" name="tc_14_buyWomenteess" time="54.659"/>
  <testcase classname="magento.com.tests.BuyingWomenClothesTest" name="tc_15_buyWomenBras" time="48.658"/>
  <testcase classname="magento.com.tests.BuyingWomenClothesTest" name="tc_16_buyWomenPants" time="49.118"/>
  <testcase classname="magento.com.tests.BuyingWomenClothesTest" name="tc_17_buyWomenShorts" time="47.692"/>
  <testcase classname="magento.com.tests.SignInTest" name="tc01_loginFailed" time="12.319"/>
  <testcase classname="magento.com.tests.SignInTest" name="tc01_loginFailed" time="9.962"/>
  <testcase classname="magento.com.tests.SignInTest" name="tc01_loginFailed" time="11.872"/>
  <testcase classname="magento.com.tests.SignInTest" name="tc02_invalidEmail" time="6.322"/>
  <testcase classname="magento.com.tests.SignInTest" name="tc03_emptyEmailField" time="6.975"/>
  <testcase classname="magento.com.tests.SignInTest" name="tc04_emptyPasswordField" time="6.535"/>
  <testcase classname="magento.com.tests.SignInTest" name="tc04_validLogin" time="13.931"/>
</testsuite> <!-- All Tests -->
